<?xml version='1.0' encoding='UTF-8'?>
<testsuites>
<testsuite errors="0" package="" tests="2" name="unit" time="0.000000" hostname="localhost" id="0" timestamp="2024-05-08T09:36:51" failures="0">
<properties/>
<testcase name="monkey.ci.ext.junit-test/parse-xml" classname="monkey.ci.ext.junit-test" time="0.000000">
</testcase>
<testcase name="monkey.ci.ext.junit-test/after-job" classname="monkey.ci.ext.junit-test" time="0.000000">
</testcase>
<system-out>
</system-out>
<system-err/>
</testsuite>
</testsuites>
